<?xml version="1.0" encoding="UTF-8"?>
<!-- Generated by org.testng.reporters.JUnitReportReporter -->
<testsuite hostname="User-PC" name="learningPhase.appium.WatsApp" tests="1" failures="0" timestamp="28 Nov 2016 21:52:20 GMT" time="43.202" errors="0">
  <testcase name="Sum" time="43.202" classname="learningPhase.appium.WatsApp"/>
</testsuite> <!-- learningPhase.appium.WatsApp -->
