<?xml version="1.0" encoding="UTF-8"?>
<!-- Generated by org.testng.reporters.JUnitReportReporter -->
<testsuite hostname="User-PC" name="learningPhase.appium.SimpleAndroidCalcTest" tests="1" failures="0" timestamp="27 Nov 2016 21:35:35 GMT" time="65.327" errors="0">
  <testcase name="Sum" time="65.327" classname="learningPhase.appium.SimpleAndroidCalcTest"/>
</testsuite> <!-- learningPhase.appium.SimpleAndroidCalcTest -->
